<?xml version="1.0" encoding="UTF-8"?>
<!-- Generated by org.testng.reporters.JUnitReportReporter -->
<testsuite name="scripts.VerifyVersion" tests="1" time="30.478" ignored="0" failures="0" timestamp="08 Feb 2017 16:30:56 GMT" skipped="0" hostname="Admin-PC" errors="0">
  <testcase name="testVerifyVersion" time="30.478" classname="scripts.VerifyVersion"/>
</testsuite> <!-- scripts.VerifyVersion -->
