<?xml version="1.0" encoding="UTF-8"?>
<!-- Generated by org.testng.reporters.JUnitReportReporter -->
<testsuite name="scripts.InvalidLogin" tests="1" time="42.890" ignored="0" failures="0" timestamp="07 Feb 2017 16:30:49 GMT" skipped="0" hostname="Admin-PC" errors="0">
  <testcase name="testinvalidLogin" time="42.890" classname="scripts.InvalidLogin"/>
</testsuite> <!-- scripts.InvalidLogin -->
