<?xml version="1.0" encoding="UTF-8"?>
<!-- Generated by org.testng.reporters.JUnitReportReporter -->
<testsuite name="scripts.Login_Logout" tests="1" time="19.837" ignored="0" failures="0" timestamp="07 Feb 2017 16:05:55 GMT" skipped="0" hostname="Admin-PC" errors="0">
  <testcase name="testLoginLogout" time="19.837" classname="scripts.Login_Logout"/>
</testsuite> <!-- scripts.Login_Logout -->
